This file contains any messages produced by compilers while
running configure, to aid debugging if configure makes a mistake.

It was created by breakpad configure 0.1, which was
generated by GNU Autoconf 2.69.  Invocation command line was

  $ ./configure 

## --------- ##
## Platform. ##
## --------- ##

hostname = DevYK-MacBookPro.local
uname -m = x86_64
uname -r = 21.3.0
uname -s = Darwin
uname -v = Darwin Kernel Version 21.3.0: Wed Jan  5 21:37:58 PST 2022; root:xnu-8019.80.24~20/RELEASE_X86_64

/usr/bin/uname -p = i386
/bin/uname -X     = unknown

/bin/arch              = unknown
/usr/bin/arch -k       = unknown
/usr/convex/getsysinfo = unknown
/usr/bin/hostinfo      = Mach kernel version:
	 Darwin Kernel Version 21.3.0: Wed Jan  5 21:37:58 PST 2022; root:xnu-8019.80.24~20/RELEASE_X86_64
Kernel configured for up to 16 processors.
8 processors are physically available.
16 processors are logically available.
Processor type: x86_64h (Intel x86-64h Haswell)
Processors active: 0 1 2 3 4 5 6 7 8 9 10 11 12 13 14 15
Primary memory available: 16.00 gigabytes
Default processor set: 524 tasks, 2819 threads, 16 processors
Load average: 1.21, Mach factor: 14.78
/bin/machine           = unknown
/usr/bin/oslevel       = unknown
/bin/universe          = unknown

PATH: /Library/Java/JavaVirtualMachines/jdk1.8.0_181.jdk/Contents/Home/bin
PATH: /Users/devyk/Data/package/emsdk
PATH: /Users/devyk/Data/package/emsdk/upstream/emscripten
PATH: /Users/devyk/Data/package/emsdk/node/14.15.5_64bit/bin
PATH: /Applications/CMake.app/Contents/bin/
PATH: /usr/local/Cellar/ffmpeg@4/4.4.1
PATH: /Users/devyk/Data/Android/NDK/android-ndk-r20b
PATH: /Users/devyk/Data/Project/piaoquan/PQMedia/thirdparties/macos/wzh264/wz264enc_macos_shared_release/license/wz_license.key
PATH: /usr/local/bin
PATH: /usr/local/bin
PATH: /usr/bin
PATH: /bin
PATH: /usr/sbin
PATH: /sbin
PATH: /Applications/VMware Fusion.app/Contents/Public
PATH: /usr/local/go/bin
PATH: /usr/local/share/dotnet
PATH: ~/.dotnet/tools
PATH: /Library/Apple/usr/bin
PATH: /Library/Frameworks/Mono.framework/Versions/Current/Commands
PATH: /Applications/Wireshark.app/Contents/MacOS
PATH: /Users/devyk/Data/Android/SDK/tools
PATH: /usr/local/Cellar/ffmpeg@4/4.4.1/bin
PATH: /Users/devyk/Data/Android/SDK/platform-tools
PATH: /usr/local/go
PATH: /Users/devyk/Data/Project/sample/go
PATH: /Users/devyk/Data/Android/NDK/android-ndk-r17c
PATH: /Users/devyk/Data/Project/sample/apache-ant-1.9.14/bin
PATH: /Users/devyk/Data/Project/sample/apache-ant-1.9.14
PATH: /Users/devyk/Data/Android/SDK/tools
PATH: /Users/devyk/Data/Android/SDK/platform-tools
PATH: /Users/devyk/.gradle/wrapper/dists/gradle-4.4-all/9br9xq1tocpiv8o6njlyu5op1/gradle-4.4/bin
PATH: /Library/Java/JavaVirtualMachines/jdk1.8.0_181.jdk/Contents/Home
PATH: .
PATH: /Users/devyk/Downloads/apache-jmeter-5.1.1/bin
PATH: /Users/devyk/Data/package/emsdk
PATH: /Users/devyk/Data/package/emsdk/upstream/emscripten
PATH: /Users/devyk/Data/package/emsdk/node/14.15.5_64bit/bin
PATH: /Applications/CMake.app/Contents/bin/
PATH: /usr/local/Cellar/ffmpeg@4/4.4.1
PATH: /Users/devyk/Data/Android/NDK/android-ndk-r20b
PATH: /Users/devyk/Data/Project/piaoquan/PQMedia/thirdparties/macos/wzh264/wz264enc_macos_shared_release/license/wz_license.key
PATH: /usr/local/bin
PATH: /usr/local/bin
PATH: /usr/bin
PATH: /bin
PATH: /usr/sbin
PATH: /sbin
PATH: /Applications/VMware Fusion.app/Contents/Public
PATH: /usr/local/go/bin
PATH: /usr/local/share/dotnet
PATH: ~/.dotnet/tools
PATH: /Library/Apple/usr/bin
PATH: /Library/Frameworks/Mono.framework/Versions/Current/Commands
PATH: /Applications/Wireshark.app/Contents/MacOS
PATH: /Users/devyk/Data/Android/SDK/tools
PATH: /usr/local/Cellar/ffmpeg@4/4.4.1/bin
PATH: /Users/devyk/Data/Android/SDK/platform-tools
PATH: /usr/local/go
PATH: /Users/devyk/Data/Project/sample/go
PATH: /Users/devyk/Data/Android/NDK/android-ndk-r17c
PATH: /Users/devyk/Data/Project/sample/apache-ant-1.9.14/bin
PATH: /Users/devyk/Data/Project/sample/apache-ant-1.9.14
PATH: /Users/devyk/Data/Android/SDK/tools
PATH: /Users/devyk/Data/Android/SDK/platform-tools
PATH: /Users/devyk/.gradle/wrapper/dists/gradle-4.4-all/9br9xq1tocpiv8o6njlyu5op1/gradle-4.4/bin
PATH: /Library/Java/JavaVirtualMachines/jdk1.8.0_181.jdk/Contents/Home


## ----------- ##
## Core tests. ##
## ----------- ##

configure:2346: checking build system type
configure:2360: result: x86_64-apple-darwin21.3.0
configure:2380: checking host system type
configure:2393: result: x86_64-apple-darwin21.3.0
configure:2430: checking for a BSD-compatible install
configure:2498: result: /usr/local/bin/ginstall -c
configure:2509: checking whether build environment is sane
configure:2564: result: yes
configure:2715: checking for a thread-safe mkdir -p
configure:2754: result: /usr/local/bin/gmkdir -p
configure:2761: checking for gawk
configure:2791: result: no
configure:2761: checking for mawk
configure:2791: result: no
configure:2761: checking for nawk
configure:2791: result: no
configure:2761: checking for awk
configure:2777: found /usr/bin/awk
configure:2788: result: awk
configure:2799: checking whether make sets $(MAKE)
configure:2821: result: yes
configure:2850: checking whether make supports nested variables
configure:2867: result: yes
configure:2956: checking whether UID '501' is supported by ustar format
configure:2959: result: yes
configure:2966: checking whether GID '20' is supported by ustar format
configure:2969: result: yes
configure:2977: checking how to create a ustar tar archive
configure:2988: tar --version
bsdtar 3.5.1 - libarchive 3.5.1 zlib/1.2.11 liblzma/5.0.5 bz2lib/1.0.8 
configure:2991: $? = 0
configure:3031: tardir=conftest.dir && eval tar --format=ustar -chf - "$tardir" >conftest.tar
configure:3034: $? = 0
configure:3038: tar -xf - <conftest.tar
configure:3041: $? = 0
configure:3043: cat conftest.dir/file
GrepMe
configure:3046: $? = 0
configure:3059: result: gnutar
configure:3112: checking whether to enable maintainer-specific portions of Makefiles
configure:3121: result: no
configure:3139: checking whether make supports the include directive
configure:3154: make -f confmf.GNU && cat confinc.out
this is the am__doit target
configure:3157: $? = 0
configure:3176: result: yes (GNU style)
configure:3246: checking for gcc
configure:3262: found /usr/bin/gcc
configure:3273: result: gcc
configure:3502: checking for C compiler version
configure:3511: gcc --version >&5
Apple clang version 13.0.0 (clang-1300.0.29.3)
Target: x86_64-apple-darwin21.3.0
Thread model: posix
InstalledDir: /Applications/Xcode.app/Contents/Developer/Toolchains/XcodeDefault.xctoolchain/usr/bin
Configured with: --prefix=/Applications/Xcode.app/Contents/Developer/usr --with-gxx-include-dir=/Applications/Xcode.app/Contents/Developer/Platforms/MacOSX.platform/Developer/SDKs/MacOSX.sdk/usr/include/c++/4.2.1
configure:3522: $? = 0
configure:3511: gcc -v >&5
Configured with: --prefix=/Applications/Xcode.app/Contents/Developer/usr --with-gxx-include-dir=/Applications/Xcode.app/Contents/Developer/Platforms/MacOSX.platform/Developer/SDKs/MacOSX.sdk/usr/include/c++/4.2.1
Apple clang version 13.0.0 (clang-1300.0.29.3)
Target: x86_64-apple-darwin21.3.0
Thread model: posix
InstalledDir: /Applications/Xcode.app/Contents/Developer/Toolchains/XcodeDefault.xctoolchain/usr/bin
configure:3522: $? = 0
configure:3511: gcc -V >&5
clang: error: argument to '-V' is missing (expected 1 value)
clang: error: no input files
configure:3522: $? = 1
configure:3511: gcc -qversion >&5
clang: error: unknown argument '-qversion'; did you mean '--version'?
clang: error: no input files
configure:3522: $? = 1
configure:3542: checking whether the C compiler works
configure:3564: gcc    conftest.c  >&5
configure:3568: $? = 0
configure:3616: result: yes
configure:3619: checking for C compiler default output file name
configure:3621: result: a.out
configure:3627: checking for suffix of executables
configure:3634: gcc -o conftest    conftest.c  >&5
configure:3638: $? = 0
configure:3660: result: 
configure:3682: checking whether we are cross compiling
configure:3690: gcc -o conftest    conftest.c  >&5
configure:3694: $? = 0
configure:3701: ./conftest
configure:3705: $? = 0
configure:3720: result: no
configure:3725: checking for suffix of object files
configure:3747: gcc -c   conftest.c >&5
configure:3751: $? = 0
configure:3772: result: o
configure:3776: checking whether we are using the GNU C compiler
configure:3795: gcc -c   conftest.c >&5
configure:3795: $? = 0
configure:3804: result: yes
configure:3813: checking whether gcc accepts -g
configure:3833: gcc -c -g  conftest.c >&5
configure:3833: $? = 0
configure:3874: result: yes
configure:3891: checking for gcc option to accept ISO C89
configure:3954: gcc  -c -g -O2  conftest.c >&5
configure:3954: $? = 0
configure:3967: result: none needed
configure:3992: checking whether gcc understands -c and -o together
configure:4014: gcc -c conftest.c -o conftest2.o
configure:4017: $? = 0
configure:4014: gcc -c conftest.c -o conftest2.o
configure:4017: $? = 0
configure:4029: result: yes
configure:4048: checking dependency style of gcc
configure:4159: result: gcc3
configure:4224: checking for ar
configure:4240: found /usr/bin/ar
configure:4251: result: ar
configure:4277: checking the archiver (ar) interface
configure:4293: gcc -c -g -O2  conftest.c >&5
configure:4293: $? = 0
configure:4295: ar cru libconftest.a conftest.o >&5
configure:4298: $? = 0
configure:4326: result: ar
configure:4355: checking dependency style of gcc
configure:4464: result: gcc3
configure:4527: checking for gcc
configure:4554: result: gcc
configure:4783: checking for C compiler version
configure:4792: gcc --version >&5
Apple clang version 13.0.0 (clang-1300.0.29.3)
Target: x86_64-apple-darwin21.3.0
Thread model: posix
InstalledDir: /Applications/Xcode.app/Contents/Developer/Toolchains/XcodeDefault.xctoolchain/usr/bin
Configured with: --prefix=/Applications/Xcode.app/Contents/Developer/usr --with-gxx-include-dir=/Applications/Xcode.app/Contents/Developer/Platforms/MacOSX.platform/Developer/SDKs/MacOSX.sdk/usr/include/c++/4.2.1
configure:4803: $? = 0
configure:4792: gcc -v >&5
Configured with: --prefix=/Applications/Xcode.app/Contents/Developer/usr --with-gxx-include-dir=/Applications/Xcode.app/Contents/Developer/Platforms/MacOSX.platform/Developer/SDKs/MacOSX.sdk/usr/include/c++/4.2.1
Apple clang version 13.0.0 (clang-1300.0.29.3)
Target: x86_64-apple-darwin21.3.0
Thread model: posix
InstalledDir: /Applications/Xcode.app/Contents/Developer/Toolchains/XcodeDefault.xctoolchain/usr/bin
configure:4803: $? = 0
configure:4792: gcc -V >&5
clang: error: argument to '-V' is missing (expected 1 value)
clang: error: no input files
configure:4803: $? = 1
configure:4792: gcc -qversion >&5
clang: error: unknown argument '-qversion'; did you mean '--version'?
clang: error: no input files
configure:4803: $? = 1
configure:4807: checking whether we are using the GNU C compiler
configure:4835: result: yes
configure:4844: checking whether gcc accepts -g
configure:4905: result: yes
configure:4922: checking for gcc option to accept ISO C89
configure:4998: result: none needed
configure:5023: checking whether gcc understands -c and -o together
configure:5060: result: yes
configure:5079: checking dependency style of gcc
configure:5190: result: gcc3
configure:5211: checking how to run the C preprocessor
configure:5242: gcc -E  conftest.c
configure:5242: $? = 0
configure:5256: gcc -E  conftest.c
conftest.c:11:10: fatal error: 'ac_nonexistent.h' file not found
#include <ac_nonexistent.h>
         ^~~~~~~~~~~~~~~~~~
1 error generated.
configure:5256: $? = 1
configure: failed program was:
| /* confdefs.h */
| #define PACKAGE_NAME "breakpad"
| #define PACKAGE_TARNAME "breakpad"
| #define PACKAGE_VERSION "0.1"
| #define PACKAGE_STRING "breakpad 0.1"
| #define PACKAGE_BUGREPORT "google-breakpad-dev@googlegroups.com"
| #define PACKAGE_URL ""
| #define PACKAGE "breakpad"
| #define VERSION "0.1"
| /* end confdefs.h.  */
| #include <ac_nonexistent.h>
configure:5281: result: gcc -E
configure:5301: gcc -E  conftest.c
configure:5301: $? = 0
configure:5315: gcc -E  conftest.c
conftest.c:11:10: fatal error: 'ac_nonexistent.h' file not found
#include <ac_nonexistent.h>
         ^~~~~~~~~~~~~~~~~~
1 error generated.
configure:5315: $? = 1
configure: failed program was:
| /* confdefs.h */
| #define PACKAGE_NAME "breakpad"
| #define PACKAGE_TARNAME "breakpad"
| #define PACKAGE_VERSION "0.1"
| #define PACKAGE_STRING "breakpad 0.1"
| #define PACKAGE_BUGREPORT "google-breakpad-dev@googlegroups.com"
| #define PACKAGE_URL ""
| #define PACKAGE "breakpad"
| #define VERSION "0.1"
| /* end confdefs.h.  */
| #include <ac_nonexistent.h>
configure:5401: checking for g++
configure:5417: found /usr/bin/g++
configure:5428: result: g++
configure:5455: checking for C++ compiler version
configure:5464: g++ --version >&5
Apple clang version 13.0.0 (clang-1300.0.29.3)
Target: x86_64-apple-darwin21.3.0
Thread model: posix
InstalledDir: /Applications/Xcode.app/Contents/Developer/Toolchains/XcodeDefault.xctoolchain/usr/bin
Configured with: --prefix=/Applications/Xcode.app/Contents/Developer/usr --with-gxx-include-dir=/Applications/Xcode.app/Contents/Developer/Platforms/MacOSX.platform/Developer/SDKs/MacOSX.sdk/usr/include/c++/4.2.1
configure:5475: $? = 0
configure:5464: g++ -v >&5
Configured with: --prefix=/Applications/Xcode.app/Contents/Developer/usr --with-gxx-include-dir=/Applications/Xcode.app/Contents/Developer/Platforms/MacOSX.platform/Developer/SDKs/MacOSX.sdk/usr/include/c++/4.2.1
Apple clang version 13.0.0 (clang-1300.0.29.3)
Target: x86_64-apple-darwin21.3.0
Thread model: posix
InstalledDir: /Applications/Xcode.app/Contents/Developer/Toolchains/XcodeDefault.xctoolchain/usr/bin
configure:5475: $? = 0
configure:5464: g++ -V >&5
clang: error: argument to '-V' is missing (expected 1 value)
clang: error: no input files
configure:5475: $? = 1
configure:5464: g++ -qversion >&5
clang: error: unknown argument '-qversion'; did you mean '--version'?
clang: error: no input files
configure:5475: $? = 1
configure:5479: checking whether we are using the GNU C++ compiler
configure:5498: g++ -c   conftest.cpp >&5
configure:5498: $? = 0
configure:5507: result: yes
configure:5516: checking whether g++ accepts -g
configure:5536: g++ -c -g  conftest.cpp >&5
configure:5536: $? = 0
configure:5577: result: yes
configure:5602: checking dependency style of g++
configure:5713: result: gcc3
configure:5771: checking for ranlib
configure:5787: found /usr/bin/ranlib
configure:5798: result: ranlib
configure:5842: checking for grep that handles long lines and -e
configure:5900: result: /usr/bin/grep
configure:5905: checking for egrep
configure:5967: result: /usr/bin/grep -E
configure:5972: checking for ANSI C header files
configure:5992: gcc -c -g -O2  conftest.c >&5
configure:5992: $? = 0
configure:6065: gcc -o conftest -g -O2   conftest.c  >&5
configure:6065: $? = 0
configure:6065: ./conftest
configure:6065: $? = 0
configure:6076: result: yes
configure:6091: checking for special C compiler options needed for large files
configure:6136: result: no
configure:6142: checking for _FILE_OFFSET_BITS value needed for large files
configure:6167: gcc -c -g -O2  conftest.c >&5
configure:6167: $? = 0
configure:6199: result: no
configure:6453: checking for the pthreads library -lpthreads
configure:6491: gcc -o conftest -g -O2    conftest.c -lpthreads  >&5
ld: library not found for -lpthreads
clang: error: linker command failed with exit code 1 (use -v to see invocation)
configure:6491: $? = 1
configure: failed program was:
| /* confdefs.h */
| #define PACKAGE_NAME "breakpad"
| #define PACKAGE_TARNAME "breakpad"
| #define PACKAGE_VERSION "0.1"
| #define PACKAGE_STRING "breakpad 0.1"
| #define PACKAGE_BUGREPORT "google-breakpad-dev@googlegroups.com"
| #define PACKAGE_URL ""
| #define PACKAGE "breakpad"
| #define VERSION "0.1"
| #define STDC_HEADERS 1
| /* end confdefs.h.  */
| #include <pthread.h>
| 	             static void routine(void* a) {a=0;}
| 	             static void* start_routine(void* a) {return a;}
| int
| main ()
| {
| pthread_t th; pthread_attr_t attr;
|                      pthread_join(th, 0);
|                      pthread_attr_init(&attr);
|                      pthread_cleanup_push(routine, 0);
|                      pthread_create(&th,0,start_routine,0);
|                      pthread_cleanup_pop(0);
|   ;
|   return 0;
| }
configure:6500: result: no
configure:6398: checking whether pthreads work without any flags
configure:6491: gcc -o conftest -g -O2    conftest.c   >&5
configure:6491: $? = 0
configure:6500: result: yes
configure:6519: checking for joinable pthread attribute
configure:6534: gcc -o conftest -g -O2    conftest.c   >&5
configure:6534: $? = 0
configure:6540: result: PTHREAD_CREATE_JOINABLE
configure:6550: checking if more special flags are required for pthreads
configure:6557: result: -D_THREAD_SAFE
configure:6644: checking for sys/types.h
configure:6644: gcc -c -g -O2  conftest.c >&5
configure:6644: $? = 0
configure:6644: result: yes
configure:6644: checking for sys/stat.h
configure:6644: gcc -c -g -O2  conftest.c >&5
configure:6644: $? = 0
configure:6644: result: yes
configure:6644: checking for stdlib.h
configure:6644: gcc -c -g -O2  conftest.c >&5
configure:6644: $? = 0
configure:6644: result: yes
configure:6644: checking for string.h
configure:6644: gcc -c -g -O2  conftest.c >&5
configure:6644: $? = 0
configure:6644: result: yes
configure:6644: checking for memory.h
configure:6644: gcc -c -g -O2  conftest.c >&5
configure:6644: $? = 0
configure:6644: result: yes
configure:6644: checking for strings.h
configure:6644: gcc -c -g -O2  conftest.c >&5
configure:6644: $? = 0
configure:6644: result: yes
configure:6644: checking for inttypes.h
configure:6644: gcc -c -g -O2  conftest.c >&5
configure:6644: $? = 0
configure:6644: result: yes
configure:6644: checking for stdint.h
configure:6644: gcc -c -g -O2  conftest.c >&5
configure:6644: $? = 0
configure:6644: result: yes
configure:6644: checking for unistd.h
configure:6644: gcc -c -g -O2  conftest.c >&5
configure:6644: $? = 0
configure:6644: result: yes
configure:6659: checking a.out.h usability
configure:6659: gcc -c -g -O2  conftest.c >&5
conftest.c:55:10: fatal error: 'a.out.h' file not found
#include <a.out.h>
         ^~~~~~~~~
1 error generated.
configure:6659: $? = 1
configure: failed program was:
| /* confdefs.h */
| #define PACKAGE_NAME "breakpad"
| #define PACKAGE_TARNAME "breakpad"
| #define PACKAGE_VERSION "0.1"
| #define PACKAGE_STRING "breakpad 0.1"
| #define PACKAGE_BUGREPORT "google-breakpad-dev@googlegroups.com"
| #define PACKAGE_URL ""
| #define PACKAGE "breakpad"
| #define VERSION "0.1"
| #define STDC_HEADERS 1
| #define HAVE_PTHREAD 1
| #define HAVE_SYS_TYPES_H 1
| #define HAVE_SYS_STAT_H 1
| #define HAVE_STDLIB_H 1
| #define HAVE_STRING_H 1
| #define HAVE_MEMORY_H 1
| #define HAVE_STRINGS_H 1
| #define HAVE_INTTYPES_H 1
| #define HAVE_STDINT_H 1
| #define HAVE_UNISTD_H 1
| /* end confdefs.h.  */
| #include <stdio.h>
| #ifdef HAVE_SYS_TYPES_H
| # include <sys/types.h>
| #endif
| #ifdef HAVE_SYS_STAT_H
| # include <sys/stat.h>
| #endif
| #ifdef STDC_HEADERS
| # include <stdlib.h>
| # include <stddef.h>
| #else
| # ifdef HAVE_STDLIB_H
| #  include <stdlib.h>
| # endif
| #endif
| #ifdef HAVE_STRING_H
| # if !defined STDC_HEADERS && defined HAVE_MEMORY_H
| #  include <memory.h>
| # endif
| # include <string.h>
| #endif
| #ifdef HAVE_STRINGS_H
| # include <strings.h>
| #endif
| #ifdef HAVE_INTTYPES_H
| # include <inttypes.h>
| #endif
| #ifdef HAVE_STDINT_H
| # include <stdint.h>
| #endif
| #ifdef HAVE_UNISTD_H
| # include <unistd.h>
| #endif
| #include <a.out.h>
configure:6659: result: no
configure:6659: checking a.out.h presence
configure:6659: gcc -E  conftest.c
conftest.c:22:10: fatal error: 'a.out.h' file not found
#include <a.out.h>
         ^~~~~~~~~
1 error generated.
configure:6659: $? = 1
configure: failed program was:
| /* confdefs.h */
| #define PACKAGE_NAME "breakpad"
| #define PACKAGE_TARNAME "breakpad"
| #define PACKAGE_VERSION "0.1"
| #define PACKAGE_STRING "breakpad 0.1"
| #define PACKAGE_BUGREPORT "google-breakpad-dev@googlegroups.com"
| #define PACKAGE_URL ""
| #define PACKAGE "breakpad"
| #define VERSION "0.1"
| #define STDC_HEADERS 1
| #define HAVE_PTHREAD 1
| #define HAVE_SYS_TYPES_H 1
| #define HAVE_SYS_STAT_H 1
| #define HAVE_STDLIB_H 1
| #define HAVE_STRING_H 1
| #define HAVE_MEMORY_H 1
| #define HAVE_STRINGS_H 1
| #define HAVE_INTTYPES_H 1
| #define HAVE_STDINT_H 1
| #define HAVE_UNISTD_H 1
| /* end confdefs.h.  */
| #include <a.out.h>
configure:6659: result: no
configure:6659: checking for a.out.h
configure:6659: result: no
configure:6659: checking sys/mman.h usability
configure:6659: gcc -c -g -O2  conftest.c >&5
configure:6659: $? = 0
configure:6659: result: yes
configure:6659: checking sys/mman.h presence
configure:6659: gcc -E  conftest.c
configure:6659: $? = 0
configure:6659: result: yes
configure:6659: checking for sys/mman.h
configure:6659: result: yes
configure:6659: checking sys/random.h usability
configure:6659: gcc -c -g -O2  conftest.c >&5
configure:6659: $? = 0
configure:6659: result: yes
configure:6659: checking sys/random.h presence
configure:6659: gcc -E  conftest.c
configure:6659: $? = 0
configure:6659: result: yes
configure:6659: checking for sys/random.h
configure:6659: result: yes
configure:6672: checking for arc4random
configure:6672: gcc -o conftest -g -O2   conftest.c  >&5
configure:6672: $? = 0
configure:6672: result: yes
configure:6672: checking for getcontext
configure:6672: gcc -o conftest -g -O2   conftest.c  >&5
configure:6672: $? = 0
configure:6672: result: yes
configure:6672: checking for getrandom
configure:6672: gcc -o conftest -g -O2   conftest.c  >&5
Undefined symbols for architecture x86_64:
  "_getrandom", referenced from:
      _main in conftest-1163fd.o
ld: symbol(s) not found for architecture x86_64
clang: error: linker command failed with exit code 1 (use -v to see invocation)
configure:6672: $? = 1
configure: failed program was:
| /* confdefs.h */
| #define PACKAGE_NAME "breakpad"
| #define PACKAGE_TARNAME "breakpad"
| #define PACKAGE_VERSION "0.1"
| #define PACKAGE_STRING "breakpad 0.1"
| #define PACKAGE_BUGREPORT "google-breakpad-dev@googlegroups.com"
| #define PACKAGE_URL ""
| #define PACKAGE "breakpad"
| #define VERSION "0.1"
| #define STDC_HEADERS 1
| #define HAVE_PTHREAD 1
| #define HAVE_SYS_TYPES_H 1
| #define HAVE_SYS_STAT_H 1
| #define HAVE_STDLIB_H 1
| #define HAVE_STRING_H 1
| #define HAVE_MEMORY_H 1
| #define HAVE_STRINGS_H 1
| #define HAVE_INTTYPES_H 1
| #define HAVE_STDINT_H 1
| #define HAVE_UNISTD_H 1
| #define HAVE_SYS_MMAN_H 1
| #define HAVE_SYS_RANDOM_H 1
| #define HAVE_ARC4RANDOM 1
| #define HAVE_GETCONTEXT 1
| /* end confdefs.h.  */
| /* Define getrandom to an innocuous variant, in case <limits.h> declares getrandom.
|    For example, HP-UX 11i <limits.h> declares gettimeofday.  */
| #define getrandom innocuous_getrandom
| 
| /* System header to define __stub macros and hopefully few prototypes,
|     which can conflict with char getrandom (); below.
|     Prefer <limits.h> to <assert.h> if __STDC__ is defined, since
|     <limits.h> exists even on freestanding compilers.  */
| 
| #ifdef __STDC__
| # include <limits.h>
| #else
| # include <assert.h>
| #endif
| 
| #undef getrandom
| 
| /* Override any GCC internal prototype to avoid an error.
|    Use char because int might match the return type of a GCC
|    builtin and then its argument prototype would still apply.  */
| #ifdef __cplusplus
| extern "C"
| #endif
| char getrandom ();
| /* The GNU C library defines this for functions which it implements
|     to always fail with ENOSYS.  Some functions are actually named
|     something starting with __ and the normal name is an alias.  */
| #if defined __stub_getrandom || defined __stub___getrandom
| choke me
| #endif
| 
| int
| main ()
| {
| return getrandom ();
|   ;
|   return 0;
| }
configure:6672: result: no
configure:6672: checking for memfd_create
configure:6672: gcc -o conftest -g -O2   conftest.c  >&5
Undefined symbols for architecture x86_64:
  "_memfd_create", referenced from:
      _main in conftest-f01540.o
ld: symbol(s) not found for architecture x86_64
clang: error: linker command failed with exit code 1 (use -v to see invocation)
configure:6672: $? = 1
configure: failed program was:
| /* confdefs.h */
| #define PACKAGE_NAME "breakpad"
| #define PACKAGE_TARNAME "breakpad"
| #define PACKAGE_VERSION "0.1"
| #define PACKAGE_STRING "breakpad 0.1"
| #define PACKAGE_BUGREPORT "google-breakpad-dev@googlegroups.com"
| #define PACKAGE_URL ""
| #define PACKAGE "breakpad"
| #define VERSION "0.1"
| #define STDC_HEADERS 1
| #define HAVE_PTHREAD 1
| #define HAVE_SYS_TYPES_H 1
| #define HAVE_SYS_STAT_H 1
| #define HAVE_STDLIB_H 1
| #define HAVE_STRING_H 1
| #define HAVE_MEMORY_H 1
| #define HAVE_STRINGS_H 1
| #define HAVE_INTTYPES_H 1
| #define HAVE_STDINT_H 1
| #define HAVE_UNISTD_H 1
| #define HAVE_SYS_MMAN_H 1
| #define HAVE_SYS_RANDOM_H 1
| #define HAVE_ARC4RANDOM 1
| #define HAVE_GETCONTEXT 1
| /* end confdefs.h.  */
| /* Define memfd_create to an innocuous variant, in case <limits.h> declares memfd_create.
|    For example, HP-UX 11i <limits.h> declares gettimeofday.  */
| #define memfd_create innocuous_memfd_create
| 
| /* System header to define __stub macros and hopefully few prototypes,
|     which can conflict with char memfd_create (); below.
|     Prefer <limits.h> to <assert.h> if __STDC__ is defined, since
|     <limits.h> exists even on freestanding compilers.  */
| 
| #ifdef __STDC__
| # include <limits.h>
| #else
| # include <assert.h>
| #endif
| 
| #undef memfd_create
| 
| /* Override any GCC internal prototype to avoid an error.
|    Use char because int might match the return type of a GCC
|    builtin and then its argument prototype would still apply.  */
| #ifdef __cplusplus
| extern "C"
| #endif
| char memfd_create ();
| /* The GNU C library defines this for functions which it implements
|     to always fail with ENOSYS.  Some functions are actually named
|     something starting with __ and the normal name is an alias.  */
| #if defined __stub_memfd_create || defined __stub___memfd_create
| choke me
| #endif
| 
| int
| main ()
| {
| return memfd_create ();
|   ;
|   return 0;
| }
configure:6672: result: no
configure:6706: checking whether g++ supports C++11 features by default
configure:7000: g++ -c -g -O2  conftest.cpp >&5
conftest.cpp:37:2: error: "This is not a C++11 compiler"
#error "This is not a C++11 compiler"
 ^
1 error generated.
configure:7000: $? = 1
configure: failed program was:
| /* confdefs.h */
| #define PACKAGE_NAME "breakpad"
| #define PACKAGE_TARNAME "breakpad"
| #define PACKAGE_VERSION "0.1"
| #define PACKAGE_STRING "breakpad 0.1"
| #define PACKAGE_BUGREPORT "google-breakpad-dev@googlegroups.com"
| #define PACKAGE_URL ""
| #define PACKAGE "breakpad"
| #define VERSION "0.1"
| #define STDC_HEADERS 1
| #define HAVE_PTHREAD 1
| #define HAVE_SYS_TYPES_H 1
| #define HAVE_SYS_STAT_H 1
| #define HAVE_STDLIB_H 1
| #define HAVE_STRING_H 1
| #define HAVE_MEMORY_H 1
| #define HAVE_STRINGS_H 1
| #define HAVE_INTTYPES_H 1
| #define HAVE_STDINT_H 1
| #define HAVE_UNISTD_H 1
| #define HAVE_SYS_MMAN_H 1
| #define HAVE_SYS_RANDOM_H 1
| #define HAVE_ARC4RANDOM 1
| #define HAVE_GETCONTEXT 1
| /* end confdefs.h.  */
| 
| 
| // If the compiler admits that it is not ready for C++11, why torture it?
| // Hopefully, this will speed up the test.
| 
| #ifndef __cplusplus
| 
| #error "This is not a C++ compiler"
| 
| #elif __cplusplus < 201103L
| 
| #error "This is not a C++11 compiler"
| 
| #else
| 
| namespace cxx11
| {
| 
|   namespace test_static_assert
|   {
| 
|     template <typename T>
|     struct check
|     {
|       static_assert(sizeof(int) <= sizeof(T), "not big enough");
|     };
| 
|   }
| 
|   namespace test_final_override
|   {
| 
|     struct Base
|     {
|       virtual void f() {}
|     };
| 
|     struct Derived : public Base
|     {
|       virtual void f() override {}
|     };
| 
|   }
| 
|   namespace test_double_right_angle_brackets
|   {
| 
|     template < typename T >
|     struct check {};
| 
|     typedef check<void> single_type;
|     typedef check<check<void>> double_type;
|     typedef check<check<check<void>>> triple_type;
|     typedef check<check<check<check<void>>>> quadruple_type;
| 
|   }
| 
|   namespace test_decltype
|   {
| 
|     int
|     f()
|     {
|       int a = 1;
|       decltype(a) b = 2;
|       return a + b;
|     }
| 
|   }
| 
|   namespace test_type_deduction
|   {
| 
|     template < typename T1, typename T2 >
|     struct is_same
|     {
|       static const bool value = false;
|     };
| 
|     template < typename T >
|     struct is_same<T, T>
|     {
|       static const bool value = true;
|     };
| 
|     template < typename T1, typename T2 >
|     auto
|     add(T1 a1, T2 a2) -> decltype(a1 + a2)
|     {
|       return a1 + a2;
|     }
| 
|     int
|     test(const int c, volatile int v)
|     {
|       static_assert(is_same<int, decltype(0)>::value == true, "");
|       static_assert(is_same<int, decltype(c)>::value == false, "");
|       static_assert(is_same<int, decltype(v)>::value == false, "");
|       auto ac = c;
|       auto av = v;
|       auto sumi = ac + av + 'x';
|       auto sumf = ac + av + 1.0;
|       static_assert(is_same<int, decltype(ac)>::value == true, "");
|       static_assert(is_same<int, decltype(av)>::value == true, "");
|       static_assert(is_same<int, decltype(sumi)>::value == true, "");
|       static_assert(is_same<int, decltype(sumf)>::value == false, "");
|       static_assert(is_same<int, decltype(add(c, v))>::value == true, "");
|       return (sumf > 0.0) ? sumi : add(c, v);
|     }
| 
|   }
| 
|   namespace test_noexcept
|   {
| 
|     int f() { return 0; }
|     int g() noexcept { return 0; }
| 
|     static_assert(noexcept(f()) == false, "");
|     static_assert(noexcept(g()) == true, "");
| 
|   }
| 
|   namespace test_constexpr
|   {
| 
|     template < typename CharT >
|     unsigned long constexpr
|     strlen_c_r(const CharT *const s, const unsigned long acc) noexcept
|     {
|       return *s ? strlen_c_r(s + 1, acc + 1) : acc;
|     }
| 
|     template < typename CharT >
|     unsigned long constexpr
|     strlen_c(const CharT *const s) noexcept
|     {
|       return strlen_c_r(s, 0UL);
|     }
| 
|     static_assert(strlen_c("") == 0UL, "");
|     static_assert(strlen_c("1") == 1UL, "");
|     static_assert(strlen_c("example") == 7UL, "");
|     static_assert(strlen_c("another\0example") == 7UL, "");
| 
|   }
| 
|   namespace test_rvalue_references
|   {
| 
|     template < int N >
|     struct answer
|     {
|       static constexpr int value = N;
|     };
| 
|     answer<1> f(int&)       { return answer<1>(); }
|     answer<2> f(const int&) { return answer<2>(); }
|     answer<3> f(int&&)      { return answer<3>(); }
| 
|     void
|     test()
|     {
|       int i = 0;
|       const int c = 0;
|       static_assert(decltype(f(i))::value == 1, "");
|       static_assert(decltype(f(c))::value == 2, "");
|       static_assert(decltype(f(0))::value == 3, "");
|     }
| 
|   }
| 
|   namespace test_uniform_initialization
|   {
| 
|     struct test
|     {
|       static const int zero {};
|       static const int one {1};
|     };
| 
|     static_assert(test::zero == 0, "");
|     static_assert(test::one == 1, "");
| 
|   }
| 
|   namespace test_lambdas
|   {
| 
|     void
|     test1()
|     {
|       auto lambda1 = [](){};
|       auto lambda2 = lambda1;
|       lambda1();
|       lambda2();
|     }
| 
|     int
|     test2()
|     {
|       auto a = [](int i, int j){ return i + j; }(1, 2);
|       auto b = []() -> int { return '0'; }();
|       auto c = [=](){ return a + b; }();
|       auto d = [&](){ return c; }();
|       auto e = [a, &b](int x) mutable {
|         const auto identity = [](int y){ return y; };
|         for (auto i = 0; i < a; ++i)
|           a += b--;
|         return x + identity(a + b);
|       }(0);
|       return a + b + c + d + e;
|     }
| 
|     int
|     test3()
|     {
|       const auto nullary = [](){ return 0; };
|       const auto unary = [](int x){ return x; };
|       using nullary_t = decltype(nullary);
|       using unary_t = decltype(unary);
|       const auto higher1st = [](nullary_t f){ return f(); };
|       const auto higher2nd = [unary](nullary_t f1){
|         return [unary, f1](unary_t f2){ return f2(unary(f1())); };
|       };
|       return higher1st(nullary) + higher2nd(nullary)(unary);
|     }
| 
|   }
| 
|   namespace test_variadic_templates
|   {
| 
|     template <int...>
|     struct sum;
| 
|     template <int N0, int... N1toN>
|     struct sum<N0, N1toN...>
|     {
|       static constexpr auto value = N0 + sum<N1toN...>::value;
|     };
| 
|     template <>
|     struct sum<>
|     {
|       static constexpr auto value = 0;
|     };
| 
|     static_assert(sum<>::value == 0, "");
|     static_assert(sum<1>::value == 1, "");
|     static_assert(sum<23>::value == 23, "");
|     static_assert(sum<1, 2>::value == 3, "");
|     static_assert(sum<5, 5, 11>::value == 21, "");
|     static_assert(sum<2, 3, 5, 7, 11, 13>::value == 41, "");
| 
|   }
| 
|   // http://stackoverflow.com/questions/13728184/template-aliases-and-sfinae
|   // Clang 3.1 fails with headers of libstd++ 4.8.3 when using std::function
|   // because of this.
|   namespace test_template_alias_sfinae
|   {
| 
|     struct foo {};
| 
|     template<typename T>
|     using member = typename T::member_type;
| 
|     template<typename T>
|     void func(...) {}
| 
|     template<typename T>
|     void func(member<T>*) {}
| 
|     void test();
| 
|     void test() { func<foo>(0); }
| 
|   }
| 
| }  // namespace cxx11
| 
| #endif  // __cplusplus >= 201103L
| 
| 
| 
configure:7007: result: no
configure:7018: checking whether g++ supports C++11 features with -std=c++11
configure:7314: g++ -c -g -O2 -std=c++11  conftest.cpp >&5
configure:7314: $? = 0
configure:7323: result: yes
configure:7365: checking whether C++ compiler accepts -Werror=unknown-warning-option
configure:7384: g++ -c -g -O2 -std=c++11  -Werror=unknown-warning-option  conftest.cpp >&5
configure:7384: $? = 0
configure:7392: result: yes
configure:7410: checking whether C++ compiler accepts -Wmissing-braces
configure:7429: g++ -c -g -O2 -std=c++11 -Werror=unknown-warning-option -Wmissing-braces  conftest.cpp >&5
configure:7429: $? = 0
configure:7438: result: yes
configure:7454: : WARN_CXXFLAGS="$WARN_CXXFLAGS"
configure:7457: $? = 0
configure:7410: checking whether C++ compiler accepts -Wnon-virtual-dtor
configure:7429: g++ -c -g -O2 -std=c++11 -Werror=unknown-warning-option -Wnon-virtual-dtor  conftest.cpp >&5
configure:7429: $? = 0
configure:7438: result: yes
configure:7454: : WARN_CXXFLAGS="$WARN_CXXFLAGS"
configure:7457: $? = 0
configure:7410: checking whether C++ compiler accepts -Woverloaded-virtual
configure:7429: g++ -c -g -O2 -std=c++11 -Werror=unknown-warning-option -Woverloaded-virtual  conftest.cpp >&5
configure:7429: $? = 0
configure:7438: result: yes
configure:7454: : WARN_CXXFLAGS="$WARN_CXXFLAGS"
configure:7457: $? = 0
configure:7410: checking whether C++ compiler accepts -Wreorder
configure:7429: g++ -c -g -O2 -std=c++11 -Werror=unknown-warning-option -Wreorder  conftest.cpp >&5
configure:7429: $? = 0
configure:7438: result: yes
configure:7454: : WARN_CXXFLAGS="$WARN_CXXFLAGS"
configure:7457: $? = 0
configure:7410: checking whether C++ compiler accepts -Wsign-compare
configure:7429: g++ -c -g -O2 -std=c++11 -Werror=unknown-warning-option -Wsign-compare  conftest.cpp >&5
configure:7429: $? = 0
configure:7438: result: yes
configure:7454: : WARN_CXXFLAGS="$WARN_CXXFLAGS"
configure:7457: $? = 0
configure:7410: checking whether C++ compiler accepts -Wunused-local-typedefs
configure:7429: g++ -c -g -O2 -std=c++11 -Werror=unknown-warning-option -Wunused-local-typedefs  conftest.cpp >&5
configure:7429: $? = 0
configure:7438: result: yes
configure:7454: : WARN_CXXFLAGS="$WARN_CXXFLAGS"
configure:7457: $? = 0
configure:7410: checking whether C++ compiler accepts -Wunused-variable
configure:7429: g++ -c -g -O2 -std=c++11 -Werror=unknown-warning-option -Wunused-variable  conftest.cpp >&5
configure:7429: $? = 0
configure:7438: result: yes
configure:7454: : WARN_CXXFLAGS="$WARN_CXXFLAGS"
configure:7457: $? = 0
configure:7410: checking whether C++ compiler accepts -Wvla
configure:7429: g++ -c -g -O2 -std=c++11 -Werror=unknown-warning-option -Wvla  conftest.cpp >&5
configure:7429: $? = 0
configure:7438: result: yes
configure:7454: : WARN_CXXFLAGS="$WARN_CXXFLAGS"
configure:7457: $? = 0
configure:7489: checking for O_CLOEXEC defined in fcntl.h
configure:7511: gcc -c -g -O2  conftest.c >&5
configure:7511: $? = 0
configure:7518: result: yes
configure:7855: checking that generated files are newer than configure
configure:7861: result: done
configure:7940: creating ./config.status

## ---------------------- ##
## Running config.status. ##
## ---------------------- ##

This file was extended by breakpad config.status 0.1, which was
generated by GNU Autoconf 2.69.  Invocation command line was

  CONFIG_FILES    = 
  CONFIG_HEADERS  = 
  CONFIG_LINKS    = 
  CONFIG_COMMANDS = 
  $ ./config.status 

on DevYK-MacBookPro.local

config.status:917: creating breakpad.pc
config.status:917: creating breakpad-client.pc
config.status:917: creating Makefile
config.status:917: creating src/config.h
config.status:1146: executing depfiles commands
config.status:1223: cd .       && sed -e '/# am--include-marker/d' Makefile         | make -f - am--depfiles
config.status:1228: $? = 0

## ---------------- ##
## Cache variables. ##
## ---------------- ##

ac_cv_build=x86_64-apple-darwin21.3.0
ac_cv_c_compiler_gnu=yes
ac_cv_cxx_compiler_gnu=yes
ac_cv_defined_O_CLOEXEC_fcntl_h=yes
ac_cv_env_CCASFLAGS_set=
ac_cv_env_CCASFLAGS_value=
ac_cv_env_CCAS_set=
ac_cv_env_CCAS_value=
ac_cv_env_CCC_set=
ac_cv_env_CCC_value=
ac_cv_env_CC_set=
ac_cv_env_CC_value=
ac_cv_env_CFLAGS_set=
ac_cv_env_CFLAGS_value=
ac_cv_env_CPPFLAGS_set=
ac_cv_env_CPPFLAGS_value=
ac_cv_env_CPP_set=
ac_cv_env_CPP_value=
ac_cv_env_CXXFLAGS_set=
ac_cv_env_CXXFLAGS_value=
ac_cv_env_CXX_set=
ac_cv_env_CXX_value=
ac_cv_env_GMOCK_CFLAGS_set=
ac_cv_env_GMOCK_CFLAGS_value=
ac_cv_env_GMOCK_LIBS_set=
ac_cv_env_GMOCK_LIBS_value=
ac_cv_env_GTEST_CFLAGS_set=
ac_cv_env_GTEST_CFLAGS_value=
ac_cv_env_GTEST_LIBS_set=
ac_cv_env_GTEST_LIBS_value=
ac_cv_env_LDFLAGS_set=
ac_cv_env_LDFLAGS_value=
ac_cv_env_LIBS_set=
ac_cv_env_LIBS_value=
ac_cv_env_RUSTC_DEMANGLE_CFLAGS_set=
ac_cv_env_RUSTC_DEMANGLE_CFLAGS_value=
ac_cv_env_RUSTC_DEMANGLE_LIBS_set=
ac_cv_env_RUSTC_DEMANGLE_LIBS_value=
ac_cv_env_build_alias_set=
ac_cv_env_build_alias_value=
ac_cv_env_host_alias_set=
ac_cv_env_host_alias_value=
ac_cv_env_target_alias_set=
ac_cv_env_target_alias_value=
ac_cv_func_arc4random=yes
ac_cv_func_getcontext=yes
ac_cv_func_getrandom=no
ac_cv_func_memfd_create=no
ac_cv_header_a_out_h=no
ac_cv_header_inttypes_h=yes
ac_cv_header_memory_h=yes
ac_cv_header_stdc=yes
ac_cv_header_stdint_h=yes
ac_cv_header_stdlib_h=yes
ac_cv_header_string_h=yes
ac_cv_header_strings_h=yes
ac_cv_header_sys_mman_h=yes
ac_cv_header_sys_random_h=yes
ac_cv_header_sys_stat_h=yes
ac_cv_header_sys_types_h=yes
ac_cv_header_unistd_h=yes
ac_cv_host=x86_64-apple-darwin21.3.0
ac_cv_objext=o
ac_cv_path_EGREP='/usr/bin/grep -E'
ac_cv_path_GREP=/usr/bin/grep
ac_cv_path_install='/usr/local/bin/ginstall -c'
ac_cv_path_mkdir=/usr/local/bin/gmkdir
ac_cv_prog_AWK=awk
ac_cv_prog_CPP='gcc -E'
ac_cv_prog_ac_ct_AR=ar
ac_cv_prog_ac_ct_CC=gcc
ac_cv_prog_ac_ct_CXX=g++
ac_cv_prog_ac_ct_RANLIB=ranlib
ac_cv_prog_cc_c89=
ac_cv_prog_cc_g=yes
ac_cv_prog_cxx_g=yes
ac_cv_prog_make_make_set=yes
ac_cv_sys_file_offset_bits=no
ac_cv_sys_largefile_CC=no
am_cv_CCAS_dependencies_compiler_type=gcc3
am_cv_CC_dependencies_compiler_type=gcc3
am_cv_CXX_dependencies_compiler_type=gcc3
am_cv_ar_interface=ar
am_cv_make_support_nested_variables=yes
am_cv_prog_cc_c_o=yes
am_cv_prog_tar_ustar=gnutar
ax_cv_check_cxxflags__Werror_unknown_warning_option__Wmissing_braces=yes
ax_cv_check_cxxflags__Werror_unknown_warning_option__Wnon_virtual_dtor=yes
ax_cv_check_cxxflags__Werror_unknown_warning_option__Woverloaded_virtual=yes
ax_cv_check_cxxflags__Werror_unknown_warning_option__Wreorder=yes
ax_cv_check_cxxflags__Werror_unknown_warning_option__Wsign_compare=yes
ax_cv_check_cxxflags__Werror_unknown_warning_option__Wunused_local_typedefs=yes
ax_cv_check_cxxflags__Werror_unknown_warning_option__Wunused_variable=yes
ax_cv_check_cxxflags__Werror_unknown_warning_option__Wvla=yes
ax_cv_check_cxxflags___Werror_unknown_warning_option=yes
ax_cv_cxx_compile_cxx11=no
ax_cv_cxx_compile_cxx11__std_cpp11=yes

## ----------------- ##
## Output variables. ##
## ----------------- ##

ACLOCAL='${SHELL} /Users/devyk/Data/C:C++/vcp_breakpad/breakpad/autotools/missing aclocal-1.16'
AMDEPBACKSLASH='\'
AMDEP_FALSE='#'
AMDEP_TRUE=''
AMTAR='$${TAR-tar}'
AM_BACKSLASH='\'
AM_DEFAULT_V='$(AM_DEFAULT_VERBOSITY)'
AM_DEFAULT_VERBOSITY='1'
AM_V='$(V)'
ANDROID_HOST_FALSE=''
ANDROID_HOST_TRUE='#'
AR='ar'
AUTOCONF='${SHELL} /Users/devyk/Data/C:C++/vcp_breakpad/breakpad/autotools/missing autoconf'
AUTOHEADER='${SHELL} /Users/devyk/Data/C:C++/vcp_breakpad/breakpad/autotools/missing autoheader'
AUTOMAKE='${SHELL} /Users/devyk/Data/C:C++/vcp_breakpad/breakpad/autotools/missing automake-1.16'
AWK='awk'
CC='gcc'
CCAS='gcc'
CCASDEPMODE='depmode=gcc3'
CCASFLAGS='-g -O2'
CCDEPMODE='depmode=gcc3'
CFLAGS='-g -O2'
CPP='gcc -E'
CPPFLAGS=''
CXX='g++'
CXXDEPMODE='depmode=gcc3'
CXXFLAGS='-g -O2 -std=c++11'
CYGPATH_W='echo'
DEFS='-DHAVE_CONFIG_H'
DEPDIR='.deps'
DISABLE_PROCESSOR_FALSE=''
DISABLE_PROCESSOR_TRUE='#'
DISABLE_TOOLS_FALSE=''
DISABLE_TOOLS_TRUE='#'
ECHO_C='\c'
ECHO_N=''
ECHO_T=''
EGREP='/usr/bin/grep -E'
EXEEXT=''
GMOCK_CFLAGS=''
GMOCK_LIBS=''
GREP='/usr/bin/grep'
GTEST_CFLAGS=''
GTEST_LIBS=''
HAVE_CXX11=''
HAVE_GETCONTEXT_FALSE='#'
HAVE_GETCONTEXT_TRUE=''
HAVE_MEMFD_CREATE_FALSE=''
HAVE_MEMFD_CREATE_TRUE='#'
INSTALL_DATA='${INSTALL} -m 644'
INSTALL_PROGRAM='${INSTALL}'
INSTALL_SCRIPT='${INSTALL}'
INSTALL_STRIP_PROGRAM='$(install_sh) -c -s'
LDFLAGS=''
LIBOBJS=''
LIBS=''
LINUX_HOST_FALSE=''
LINUX_HOST_TRUE='#'
LTLIBOBJS=''
MAINT='#'
MAINTAINER_MODE_FALSE=''
MAINTAINER_MODE_TRUE='#'
MAKEINFO='${SHELL} /Users/devyk/Data/C:C++/vcp_breakpad/breakpad/autotools/missing makeinfo'
MKDIR_P='/usr/local/bin/gmkdir -p'
OBJEXT='o'
PACKAGE='breakpad'
PACKAGE_BUGREPORT='google-breakpad-dev@googlegroups.com'
PACKAGE_NAME='breakpad'
PACKAGE_STRING='breakpad 0.1'
PACKAGE_TARNAME='breakpad'
PACKAGE_URL=''
PACKAGE_VERSION='0.1'
PATH_SEPARATOR=':'
PTHREAD_CC='gcc'
PTHREAD_CFLAGS='-D_THREAD_SAFE '
PTHREAD_LIBS=''
RANLIB='ranlib'
RUSTC_DEMANGLE_CFLAGS=''
RUSTC_DEMANGLE_LIBS=''
SELFTEST_FALSE=''
SELFTEST_TRUE='#'
SET_MAKE=''
SHELL='/bin/sh'
STRIP=''
SYSTEM_TEST_LIBS_FALSE=''
SYSTEM_TEST_LIBS_TRUE='#'
TESTS_AS_ROOT_FALSE=''
TESTS_AS_ROOT_TRUE='#'
VERSION='0.1'
WARN_CXXFLAGS=' -Wmissing-braces -Wnon-virtual-dtor -Woverloaded-virtual -Wreorder -Wsign-compare -Wunused-local-typedefs -Wunused-variable -Wvla -Werror'
X86_HOST_FALSE='#'
X86_HOST_TRUE=''
ac_ct_AR='ar'
ac_ct_CC='gcc'
ac_ct_CXX='g++'
am__EXEEXT_FALSE=''
am__EXEEXT_TRUE='#'
am__fastdepCCAS_FALSE='#'
am__fastdepCCAS_TRUE=''
am__fastdepCC_FALSE='#'
am__fastdepCC_TRUE=''
am__fastdepCXX_FALSE='#'
am__fastdepCXX_TRUE=''
am__include='include'
am__isrc=''
am__leading_dot='.'
am__nodep='_no'
am__quote=''
am__tar='tar --format=ustar -chf - "$$tardir"'
am__untar='tar -xf -'
ax_pthread_config=''
bindir='${exec_prefix}/bin'
build='x86_64-apple-darwin21.3.0'
build_alias=''
build_cpu='x86_64'
build_os='darwin21.3.0'
build_vendor='apple'
datadir='${datarootdir}'
datarootdir='${prefix}/share'
docdir='${datarootdir}/doc/${PACKAGE_TARNAME}'
dvidir='${docdir}'
exec_prefix='${prefix}'
host='x86_64-apple-darwin21.3.0'
host_alias=''
host_cpu='x86_64'
host_os='darwin21.3.0'
host_vendor='apple'
htmldir='${docdir}'
includedir='${prefix}/include'
infodir='${datarootdir}/info'
install_sh='${SHELL} /Users/devyk/Data/C:C++/vcp_breakpad/breakpad/autotools/install-sh'
libdir='${exec_prefix}/lib'
libexecdir='${exec_prefix}/libexec'
localedir='${datarootdir}/locale'
localstatedir='${prefix}/var'
mandir='${datarootdir}/man'
mkdir_p='$(MKDIR_P)'
oldincludedir='/usr/include'
pdfdir='${docdir}'
prefix='/usr/local'
program_transform_name='s,x,x,'
psdir='${docdir}'
runstatedir='${localstatedir}/run'
sbindir='${exec_prefix}/sbin'
sharedstatedir='${prefix}/com'
sysconfdir='${prefix}/etc'
target_alias=''

## ----------- ##
## confdefs.h. ##
## ----------- ##

/* confdefs.h */
#define PACKAGE_NAME "breakpad"
#define PACKAGE_TARNAME "breakpad"
#define PACKAGE_VERSION "0.1"
#define PACKAGE_STRING "breakpad 0.1"
#define PACKAGE_BUGREPORT "google-breakpad-dev@googlegroups.com"
#define PACKAGE_URL ""
#define PACKAGE "breakpad"
#define VERSION "0.1"
#define STDC_HEADERS 1
#define HAVE_PTHREAD 1
#define HAVE_SYS_TYPES_H 1
#define HAVE_SYS_STAT_H 1
#define HAVE_STDLIB_H 1
#define HAVE_STRING_H 1
#define HAVE_MEMORY_H 1
#define HAVE_STRINGS_H 1
#define HAVE_INTTYPES_H 1
#define HAVE_STDINT_H 1
#define HAVE_UNISTD_H 1
#define HAVE_SYS_MMAN_H 1
#define HAVE_SYS_RANDOM_H 1
#define HAVE_ARC4RANDOM 1
#define HAVE_GETCONTEXT 1

configure: exit 0
